0 info it worked if it ends with ok
1 verbose cli [ '/usr/local/bin/node',
1 verbose cli   '/usr/local/bin/npm',
1 verbose cli   'start',
1 verbose cli   '--',
1 verbose cli   'index.1.js' ]
2 info using npm@3.10.8
3 info using node@v6.8.1
4 verbose run-script [ 'prestart', 'start', 'poststart' ]
5 info lifecycle ecmascript2015-fast-course@1.0.0~prestart: ecmascript2015-fast-course@1.0.0
6 silly lifecycle ecmascript2015-fast-course@1.0.0~prestart: no script for prestart, continuing
7 info lifecycle ecmascript2015-fast-course@1.0.0~start: ecmascript2015-fast-course@1.0.0
8 verbose lifecycle ecmascript2015-fast-course@1.0.0~start: unsafe-perm in lifecycle true
9 verbose lifecycle ecmascript2015-fast-course@1.0.0~start: PATH: /usr/local/lib/node_modules/npm/bin/node-gyp-bin:/home/marciano/Projetos/es6/node_modules/.bin:/usr/local/sbin:/usr/local/bin:/usr/sbin:/usr/bin:/sbin:/bin:/usr/games:/usr/local/games:/snap/bin:/usr/lib/jvm/java-8-oracle/bin:/usr/lib/jvm/java-8-oracle/db/bin:/usr/lib/jvm/java-8-oracle/jre/bin:/usr/lib/jvm/java-8-oracle/bin:/usr/lib/jvm/java-8-oracle/db/bin:/usr/lib/jvm/java-8-oracle/jre/bin:/home/marciano/sdk/android-sdk-linux/platform-tools:/home/marciano/sdk/android-sdk-linux/tools:/home/marciano/sdk/android-sdk-linux/build-tools/22.0.1/:/home/marciano/sdk/android-sdk-linux/platform-tools:/home/marciano/sdk/android-sdk-linux/tools:/home/marciano/sdk/android-sdk-linux/build-tools/22.0.1/:/home/marciano/opt/android/tools:/home/marciano/opt/android/platforms:/home/marciano/sdk/android-sdk-linux/platform-tools:/home/marciano/sdk/android-sdk-linux/tools:/home/marciano/sdk/android-sdk-linux/build-tools/22.0.1/:/home/marciano/sdk/android-sdk-linux/platform-tools:/home/marciano/sdk/android-sdk-linux/tools:/home/marciano/sdk/android-sdk-linux/build-tools/22.0.1/:/home/marciano/opt/android/tools:/home/marciano/opt/android/platforms
10 verbose lifecycle ecmascript2015-fast-course@1.0.0~start: CWD: /home/marciano/Projetos/es6
11 silly lifecycle ecmascript2015-fast-course@1.0.0~start: Args: [ '-c', 'nodemon "index.1.js"' ]
12 silly lifecycle ecmascript2015-fast-course@1.0.0~start: Returned: code: 130  signal: null
13 info lifecycle ecmascript2015-fast-course@1.0.0~start: Failed to exec start script
14 verbose stack Error: ecmascript2015-fast-course@1.0.0 start: `nodemon "index.1.js"`
14 verbose stack Exit status 130
14 verbose stack     at EventEmitter.<anonymous> (/usr/local/lib/node_modules/npm/lib/utils/lifecycle.js:255:16)
14 verbose stack     at emitTwo (events.js:106:13)
14 verbose stack     at EventEmitter.emit (events.js:191:7)
14 verbose stack     at ChildProcess.<anonymous> (/usr/local/lib/node_modules/npm/lib/utils/spawn.js:40:14)
14 verbose stack     at emitTwo (events.js:106:13)
14 verbose stack     at ChildProcess.emit (events.js:191:7)
14 verbose stack     at maybeClose (internal/child_process.js:877:16)
14 verbose stack     at Process.ChildProcess._handle.onexit (internal/child_process.js:226:5)
15 verbose pkgid ecmascript2015-fast-course@1.0.0
16 verbose cwd /home/marciano/Projetos/es6
17 error Linux 4.15.0-23-generic
18 error argv "/usr/local/bin/node" "/usr/local/bin/npm" "start" "--" "index.1.js"
19 error node v6.8.1
20 error npm  v3.10.8
21 error code ELIFECYCLE
22 error ecmascript2015-fast-course@1.0.0 start: `nodemon "index.1.js"`
22 error Exit status 130
23 error Failed at the ecmascript2015-fast-course@1.0.0 start script 'nodemon "index.1.js"'.
23 error Make sure you have the latest version of node.js and npm installed.
23 error If you do, this is most likely a problem with the ecmascript2015-fast-course package,
23 error not with npm itself.
23 error Tell the author that this fails on your system:
23 error     nodemon "index.1.js"
23 error You can get information on how to open an issue for this project with:
23 error     npm bugs ecmascript2015-fast-course
23 error Or if that isn't available, you can get their info via:
23 error     npm owner ls ecmascript2015-fast-course
23 error There is likely additional logging output above.
24 verbose exit [ 1, true ]
